<?xml version="1.0" encoding="UTF-8"?>
<testsuite xmlns:xsi="http://www.w3.org/2001/XMLSchema-instance" xsi:noNamespaceSchemaLocation="https://maven.apache.org/surefire/maven-surefire-plugin/xsd/surefire-test-report-3.0.xsd" version="3.0" name="org.mybatis.jpetstore.ScreenTransitionIT" time="21.421" tests="10" errors="0" skipped="0" failures="10">
  <properties>
    <property name="sun.desktop" value="windows"/>
    <property name="awt.toolkit" value="sun.awt.windows.WToolkit"/>
    <property name="file.encoding.pkg" value="sun.io"/>
    <property name="java.specification.version" value="1.8"/>
    <property name="sun.cpu.isalist" value="amd64"/>
    <property name="sun.jnu.encoding" value="Cp1252"/>
    <property name="java.class.path" value="D:\saravana\tmp\jpetstore-6-master\target\test-classes;D:\saravana\tmp\jpetstore-6-master\target\classes;C:\Users\saravanakumar.velus\.m2\repository\org\mybatis\mybatis\3.5.0\mybatis-3.5.0.jar;C:\Users\saravanakumar.velus\.m2\repository\org\mybatis\mybatis-spring\2.0.0\mybatis-spring-2.0.0.jar;C:\Users\saravanakumar.velus\.m2\repository\org\springframework\spring-context\5.1.6.RELEASE\spring-context-5.1.6.RELEASE.jar;C:\Users\saravanakumar.velus\.m2\repository\org\springframework\spring-aop\5.1.6.RELEASE\spring-aop-5.1.6.RELEASE.jar;C:\Users\saravanakumar.velus\.m2\repository\org\springframework\spring-beans\5.1.6.RELEASE\spring-beans-5.1.6.RELEASE.jar;C:\Users\saravanakumar.velus\.m2\repository\org\springframework\spring-core\5.1.6.RELEASE\spring-core-5.1.6.RELEASE.jar;C:\Users\saravanakumar.velus\.m2\repository\org\springframework\spring-jcl\5.1.6.RELEASE\spring-jcl-5.1.6.RELEASE.jar;C:\Users\saravanakumar.velus\.m2\repository\org\springframework\spring-expression\5.1.6.RELEASE\spring-expression-5.1.6.RELEASE.jar;C:\Users\saravanakumar.velus\.m2\repository\org\springframework\spring-jdbc\5.1.6.RELEASE\spring-jdbc-5.1.6.RELEASE.jar;C:\Users\saravanakumar.velus\.m2\repository\org\springframework\spring-tx\5.1.6.RELEASE\spring-tx-5.1.6.RELEASE.jar;C:\Users\saravanakumar.velus\.m2\repository\org\springframework\spring-web\5.1.6.RELEASE\spring-web-5.1.6.RELEASE.jar;C:\Users\saravanakumar.velus\.m2\repository\net\sourceforge\stripes\stripes\1.6.0\stripes-1.6.0.jar;C:\Users\saravanakumar.velus\.m2\repository\commons-logging\commons-logging\1.1.3\commons-logging-1.1.3.jar;C:\Users\saravanakumar.velus\.m2\repository\org\apache\taglibs\taglibs-standard-spec\1.2.5\taglibs-standard-spec-1.2.5.jar;C:\Users\saravanakumar.velus\.m2\repository\org\apache\taglibs\taglibs-standard-impl\1.2.5\taglibs-standard-impl-1.2.5.jar;C:\Users\saravanakumar.velus\.m2\repository\javax\servlet\jsp\javax.servlet.jsp-api\2.2.1\javax.servlet.jsp-api-2.2.1.jar;C:\Users\saravanakumar.velus\.m2\repository\javax\servlet\javax.servlet-api\3.0.1\javax.servlet-api-3.0.1.jar;C:\Users\saravanakumar.velus\.m2\repository\log4j\log4j\1.2.17\log4j-1.2.17.jar;C:\Users\saravanakumar.velus\.m2\repository\org\hsqldb\hsqldb\2.4.1\hsqldb-2.4.1.jar;C:\Users\saravanakumar.velus\.m2\repository\org\junit\jupiter\junit-jupiter-engine\5.4.1\junit-jupiter-engine-5.4.1.jar;C:\Users\saravanakumar.velus\.m2\repository\org\apiguardian\apiguardian-api\1.0.0\apiguardian-api-1.0.0.jar;C:\Users\saravanakumar.velus\.m2\repository\org\junit\platform\junit-platform-engine\1.4.1\junit-platform-engine-1.4.1.jar;C:\Users\saravanakumar.velus\.m2\repository\org\opentest4j\opentest4j\1.1.1\opentest4j-1.1.1.jar;C:\Users\saravanakumar.velus\.m2\repository\org\junit\platform\junit-platform-commons\1.4.1\junit-platform-commons-1.4.1.jar;C:\Users\saravanakumar.velus\.m2\repository\org\junit\jupiter\junit-jupiter-api\5.4.1\junit-jupiter-api-5.4.1.jar;C:\Users\saravanakumar.velus\.m2\repository\org\mockito\mockito-core\2.25.1\mockito-core-2.25.1.jar;C:\Users\saravanakumar.velus\.m2\repository\net\bytebuddy\byte-buddy\1.9.7\byte-buddy-1.9.7.jar;C:\Users\saravanakumar.velus\.m2\repository\net\bytebuddy\byte-buddy-agent\1.9.7\byte-buddy-agent-1.9.7.jar;C:\Users\saravanakumar.velus\.m2\repository\org\objenesis\objenesis\2.6\objenesis-2.6.jar;C:\Users\saravanakumar.velus\.m2\repository\org\mockito\mockito-junit-jupiter\2.25.1\mockito-junit-jupiter-2.25.1.jar;C:\Users\saravanakumar.velus\.m2\repository\org\assertj\assertj-core\3.12.2\assertj-core-3.12.2.jar;C:\Users\saravanakumar.velus\.m2\repository\com\codeborne\selenide\5.2.2\selenide-5.2.2.jar;C:\Users\saravanakumar.velus\.m2\repository\org\seleniumhq\selenium\selenium-java\3.141.59\selenium-java-3.141.59.jar;C:\Users\saravanakumar.velus\.m2\repository\org\seleniumhq\selenium\selenium-chrome-driver\3.141.59\selenium-chrome-driver-3.141.59.jar;C:\Users\saravanakumar.velus\.m2\repository\org\seleniumhq\selenium\selenium-edge-driver\3.141.59\selenium-edge-driver-3.141.59.jar;C:\Users\saravanakumar.velus\.m2\repository\org\seleniumhq\selenium\selenium-firefox-driver\3.141.59\selenium-firefox-driver-3.141.59.jar;C:\Users\saravanakumar.velus\.m2\repository\org\seleniumhq\selenium\selenium-ie-driver\3.141.59\selenium-ie-driver-3.141.59.jar;C:\Users\saravanakumar.velus\.m2\repository\org\seleniumhq\selenium\selenium-opera-driver\3.141.59\selenium-opera-driver-3.141.59.jar;C:\Users\saravanakumar.velus\.m2\repository\org\seleniumhq\selenium\selenium-remote-driver\3.141.59\selenium-remote-driver-3.141.59.jar;C:\Users\saravanakumar.velus\.m2\repository\org\seleniumhq\selenium\selenium-safari-driver\3.141.59\selenium-safari-driver-3.141.59.jar;C:\Users\saravanakumar.velus\.m2\repository\org\apache\commons\commons-exec\1.3\commons-exec-1.3.jar;C:\Users\saravanakumar.velus\.m2\repository\com\google\guava\guava\25.0-jre\guava-25.0-jre.jar;C:\Users\saravanakumar.velus\.m2\repository\com\google\code\findbugs\jsr305\1.3.9\jsr305-1.3.9.jar;C:\Users\saravanakumar.velus\.m2\repository\org\checkerframework\checker-compat-qual\2.0.0\checker-compat-qual-2.0.0.jar;C:\Users\saravanakumar.velus\.m2\repository\com\google\errorprone\error_prone_annotations\2.1.3\error_prone_annotations-2.1.3.jar;C:\Users\saravanakumar.velus\.m2\repository\com\google\j2objc\j2objc-annotations\1.1\j2objc-annotations-1.1.jar;C:\Users\saravanakumar.velus\.m2\repository\org\codehaus\mojo\animal-sniffer-annotations\1.14\animal-sniffer-annotations-1.14.jar;C:\Users\saravanakumar.velus\.m2\repository\com\squareup\okhttp3\okhttp\3.11.0\okhttp-3.11.0.jar;C:\Users\saravanakumar.velus\.m2\repository\com\squareup\okio\okio\1.14.0\okio-1.14.0.jar;C:\Users\saravanakumar.velus\.m2\repository\io\github\bonigarcia\webdrivermanager\3.3.0\webdrivermanager-3.3.0.jar;C:\Users\saravanakumar.velus\.m2\repository\org\slf4j\slf4j-api\1.7.25\slf4j-api-1.7.25.jar;C:\Users\saravanakumar.velus\.m2\repository\commons-io\commons-io\2.6\commons-io-2.6.jar;C:\Users\saravanakumar.velus\.m2\repository\com\google\code\gson\gson\2.8.5\gson-2.8.5.jar;C:\Users\saravanakumar.velus\.m2\repository\org\apache\commons\commons-lang3\3.8.1\commons-lang3-3.8.1.jar;C:\Users\saravanakumar.velus\.m2\repository\org\apache\httpcomponents\httpclient\4.5.6\httpclient-4.5.6.jar;C:\Users\saravanakumar.velus\.m2\repository\org\apache\httpcomponents\httpcore\4.4.10\httpcore-4.4.10.jar;C:\Users\saravanakumar.velus\.m2\repository\org\rauschig\jarchivelib\1.0.0\jarchivelib-1.0.0.jar;C:\Users\saravanakumar.velus\.m2\repository\org\apache\commons\commons-compress\1.18\commons-compress-1.18.jar;C:\Users\saravanakumar.velus\.m2\repository\org\jsoup\jsoup\1.11.3\jsoup-1.11.3.jar;C:\Users\saravanakumar.velus\.m2\repository\net\lightbody\bmp\browsermob-core\2.1.5\browsermob-core-2.1.5.jar;C:\Users\saravanakumar.velus\.m2\repository\net\lightbody\bmp\littleproxy\1.1.0-beta-bmp-17\littleproxy-1.1.0-beta-bmp-17.jar;C:\Users\saravanakumar.velus\.m2\repository\com\fasterxml\jackson\core\jackson-core\2.8.9\jackson-core-2.8.9.jar;C:\Users\saravanakumar.velus\.m2\repository\com\fasterxml\jackson\core\jackson-databind\2.8.9\jackson-databind-2.8.9.jar;C:\Users\saravanakumar.velus\.m2\repository\com\fasterxml\jackson\core\jackson-annotations\2.8.9\jackson-annotations-2.8.9.jar;C:\Users\saravanakumar.velus\.m2\repository\dnsjava\dnsjava\2.1.8\dnsjava-2.1.8.jar;C:\Users\saravanakumar.velus\.m2\repository\org\slf4j\jcl-over-slf4j\1.7.25\jcl-over-slf4j-1.7.25.jar;C:\Users\saravanakumar.velus\.m2\repository\com\jcraft\jzlib\1.1.3\jzlib-1.1.3.jar;C:\Users\saravanakumar.velus\.m2\repository\io\netty\netty-all\4.0.51.Final\netty-all-4.0.51.Final.jar;C:\Users\saravanakumar.velus\.m2\repository\net\lightbody\bmp\mitm\2.1.5\mitm-2.1.5.jar;C:\Users\saravanakumar.velus\.m2\repository\org\seleniumhq\selenium\htmlunit-driver\2.34.0\htmlunit-driver-2.34.0.jar;C:\Users\saravanakumar.velus\.m2\repository\org\seleniumhq\selenium\selenium-api\3.141.59\selenium-api-3.141.59.jar;C:\Users\saravanakumar.velus\.m2\repository\org\seleniumhq\selenium\selenium-support\3.141.59\selenium-support-3.141.59.jar;C:\Users\saravanakumar.velus\.m2\repository\net\sourceforge\htmlunit\htmlunit\2.34.1\htmlunit-2.34.1.jar;C:\Users\saravanakumar.velus\.m2\repository\xalan\xalan\2.7.2\xalan-2.7.2.jar;C:\Users\saravanakumar.velus\.m2\repository\xalan\serializer\2.7.2\serializer-2.7.2.jar;C:\Users\saravanakumar.velus\.m2\repository\org\apache\commons\commons-text\1.6\commons-text-1.6.jar;C:\Users\saravanakumar.velus\.m2\repository\org\apache\httpcomponents\httpmime\4.5.7\httpmime-4.5.7.jar;C:\Users\saravanakumar.velus\.m2\repository\net\sourceforge\htmlunit\htmlunit-core-js\2.34.0\htmlunit-core-js-2.34.0.jar;C:\Users\saravanakumar.velus\.m2\repository\net\sourceforge\htmlunit\neko-htmlunit\2.34.0\neko-htmlunit-2.34.0.jar;C:\Users\saravanakumar.velus\.m2\repository\xerces\xercesImpl\2.12.0\xercesImpl-2.12.0.jar;C:\Users\saravanakumar.velus\.m2\repository\xml-apis\xml-apis\1.4.01\xml-apis-1.4.01.jar;C:\Users\saravanakumar.velus\.m2\repository\net\sourceforge\htmlunit\htmlunit-cssparser\1.3.0\htmlunit-cssparser-1.3.0.jar;C:\Users\saravanakumar.velus\.m2\repository\commons-net\commons-net\3.6\commons-net-3.6.jar;C:\Users\saravanakumar.velus\.m2\repository\org\eclipse\jetty\websocket\websocket-client\9.4.15.v20190215\websocket-client-9.4.15.v20190215.jar;C:\Users\saravanakumar.velus\.m2\repository\org\eclipse\jetty\jetty-client\9.4.15.v20190215\jetty-client-9.4.15.v20190215.jar;C:\Users\saravanakumar.velus\.m2\repository\org\eclipse\jetty\jetty-http\9.4.15.v20190215\jetty-http-9.4.15.v20190215.jar;C:\Users\saravanakumar.velus\.m2\repository\org\eclipse\jetty\jetty-xml\9.4.15.v20190215\jetty-xml-9.4.15.v20190215.jar;C:\Users\saravanakumar.velus\.m2\repository\org\eclipse\jetty\jetty-util\9.4.15.v20190215\jetty-util-9.4.15.v20190215.jar;C:\Users\saravanakumar.velus\.m2\repository\org\eclipse\jetty\jetty-io\9.4.15.v20190215\jetty-io-9.4.15.v20190215.jar;C:\Users\saravanakumar.velus\.m2\repository\org\eclipse\jetty\websocket\websocket-common\9.4.15.v20190215\websocket-common-9.4.15.v20190215.jar;C:\Users\saravanakumar.velus\.m2\repository\org\eclipse\jetty\websocket\websocket-api\9.4.15.v20190215\websocket-api-9.4.15.v20190215.jar;C:\Users\saravanakumar.velus\.m2\repository\org\springframework\spring-test\5.1.6.RELEASE\spring-test-5.1.6.RELEASE.jar;C:\Users\saravanakumar.velus\.m2\repository\info\cukes\cucumber-java8\1.2.4\cucumber-java8-1.2.4.jar;C:\Users\saravanakumar.velus\.m2\repository\info\cukes\cucumber-java\1.2.4\cucumber-java-1.2.4.jar;C:\Users\saravanakumar.velus\.m2\repository\info\cukes\cucumber-junit\1.2.4\cucumber-junit-1.2.4.jar;C:\Users\saravanakumar.velus\.m2\repository\info\cukes\cucumber-core\1.2.4\cucumber-core-1.2.4.jar;C:\Users\saravanakumar.velus\.m2\repository\info\cukes\cucumber-html\0.2.3\cucumber-html-0.2.3.jar;C:\Users\saravanakumar.velus\.m2\repository\info\cukes\cucumber-jvm-deps\1.0.5\cucumber-jvm-deps-1.0.5.jar;C:\Users\saravanakumar.velus\.m2\repository\info\cukes\gherkin\2.12.2\gherkin-2.12.2.jar;C:\Users\saravanakumar.velus\.m2\repository\junit\junit\4.11\junit-4.11.jar;C:\Users\saravanakumar.velus\.m2\repository\org\hamcrest\hamcrest-core\1.3\hamcrest-core-1.3.jar;C:\Users\saravanakumar.velus\.m2\repository\org\seleniumhq\selenium\selenium-server\2.48.2\selenium-server-2.48.2.jar;C:\Users\saravanakumar.velus\.m2\repository\com\beust\jcommander\1.48\jcommander-1.48.jar;C:\Users\saravanakumar.velus\.m2\repository\org\bouncycastle\bcprov-jdk15on\1.48\bcprov-jdk15on-1.48.jar;C:\Users\saravanakumar.velus\.m2\repository\org\bouncycastle\bcpkix-jdk15on\1.48\bcpkix-jdk15on-1.48.jar;C:\Users\saravanakumar.velus\.m2\repository\mx4j\mx4j-tools\3.0.1\mx4j-tools-3.0.1.jar;C:\Users\saravanakumar.velus\.m2\repository\org\mortbay\jetty\servlet-api-2.5\6.1.9\servlet-api-2.5-6.1.9.jar;C:\Users\saravanakumar.velus\.m2\repository\org\seleniumhq\selenium\jetty-repacked\9.2.13.v20150730\jetty-repacked-9.2.13.v20150730.jar;C:\Users\saravanakumar.velus\.m2\repository\org\seleniumhq\selenium\jetty-rc-repacked\5\jetty-rc-repacked-5.jar;C:\Users\saravanakumar.velus\.m2\repository\net\jcip\jcip-annotations\1.0\jcip-annotations-1.0.jar;C:\Users\saravanakumar.velus\.m2\repository\org\yaml\snakeyaml\1.8\snakeyaml-1.8.jar;C:\Users\saravanakumar.velus\.m2\repository\commons-codec\commons-codec\1.10\commons-codec-1.10.jar;"/>
    <property name="java.vm.vendor" value="Oracle Corporation"/>
    <property name="sun.arch.data.model" value="64"/>
    <property name="user.variant" value=""/>
    <property name="java.vendor.url" value="http://java.oracle.com/"/>
    <property name="user.timezone" value="Asia/Calcutta"/>
    <property name="java.vm.specification.version" value="1.8"/>
    <property name="os.name" value="Windows 10"/>
    <property name="user.country" value="US"/>
    <property name="sun.java.launcher" value="SUN_STANDARD"/>
    <property name="sun.boot.library.path" value="C:\Program Files\Java\jdk1.8.0_211\jre\bin"/>
    <property name="sun.java.command" value="C:\Users\saravanakumar.velus\AppData\Local\Temp\surefire7381699217101821530\surefirebooter8276886000126992612.jar C:\Users\saravanakumar.velus\AppData\Local\Temp\surefire7381699217101821530 2019-07-09T12-16-39_824-jvmRun1 surefire1897710941236569794tmp surefire_03242200954963323392tmp"/>
    <property name="surefire.test.class.path" value="D:\saravana\tmp\jpetstore-6-master\target\test-classes;D:\saravana\tmp\jpetstore-6-master\target\classes;C:\Users\saravanakumar.velus\.m2\repository\org\mybatis\mybatis\3.5.0\mybatis-3.5.0.jar;C:\Users\saravanakumar.velus\.m2\repository\org\mybatis\mybatis-spring\2.0.0\mybatis-spring-2.0.0.jar;C:\Users\saravanakumar.velus\.m2\repository\org\springframework\spring-context\5.1.6.RELEASE\spring-context-5.1.6.RELEASE.jar;C:\Users\saravanakumar.velus\.m2\repository\org\springframework\spring-aop\5.1.6.RELEASE\spring-aop-5.1.6.RELEASE.jar;C:\Users\saravanakumar.velus\.m2\repository\org\springframework\spring-beans\5.1.6.RELEASE\spring-beans-5.1.6.RELEASE.jar;C:\Users\saravanakumar.velus\.m2\repository\org\springframework\spring-core\5.1.6.RELEASE\spring-core-5.1.6.RELEASE.jar;C:\Users\saravanakumar.velus\.m2\repository\org\springframework\spring-jcl\5.1.6.RELEASE\spring-jcl-5.1.6.RELEASE.jar;C:\Users\saravanakumar.velus\.m2\repository\org\springframework\spring-expression\5.1.6.RELEASE\spring-expression-5.1.6.RELEASE.jar;C:\Users\saravanakumar.velus\.m2\repository\org\springframework\spring-jdbc\5.1.6.RELEASE\spring-jdbc-5.1.6.RELEASE.jar;C:\Users\saravanakumar.velus\.m2\repository\org\springframework\spring-tx\5.1.6.RELEASE\spring-tx-5.1.6.RELEASE.jar;C:\Users\saravanakumar.velus\.m2\repository\org\springframework\spring-web\5.1.6.RELEASE\spring-web-5.1.6.RELEASE.jar;C:\Users\saravanakumar.velus\.m2\repository\net\sourceforge\stripes\stripes\1.6.0\stripes-1.6.0.jar;C:\Users\saravanakumar.velus\.m2\repository\commons-logging\commons-logging\1.1.3\commons-logging-1.1.3.jar;C:\Users\saravanakumar.velus\.m2\repository\org\apache\taglibs\taglibs-standard-spec\1.2.5\taglibs-standard-spec-1.2.5.jar;C:\Users\saravanakumar.velus\.m2\repository\org\apache\taglibs\taglibs-standard-impl\1.2.5\taglibs-standard-impl-1.2.5.jar;C:\Users\saravanakumar.velus\.m2\repository\javax\servlet\jsp\javax.servlet.jsp-api\2.2.1\javax.servlet.jsp-api-2.2.1.jar;C:\Users\saravanakumar.velus\.m2\repository\javax\servlet\javax.servlet-api\3.0.1\javax.servlet-api-3.0.1.jar;C:\Users\saravanakumar.velus\.m2\repository\log4j\log4j\1.2.17\log4j-1.2.17.jar;C:\Users\saravanakumar.velus\.m2\repository\org\hsqldb\hsqldb\2.4.1\hsqldb-2.4.1.jar;C:\Users\saravanakumar.velus\.m2\repository\org\junit\jupiter\junit-jupiter-engine\5.4.1\junit-jupiter-engine-5.4.1.jar;C:\Users\saravanakumar.velus\.m2\repository\org\apiguardian\apiguardian-api\1.0.0\apiguardian-api-1.0.0.jar;C:\Users\saravanakumar.velus\.m2\repository\org\junit\platform\junit-platform-engine\1.4.1\junit-platform-engine-1.4.1.jar;C:\Users\saravanakumar.velus\.m2\repository\org\opentest4j\opentest4j\1.1.1\opentest4j-1.1.1.jar;C:\Users\saravanakumar.velus\.m2\repository\org\junit\platform\junit-platform-commons\1.4.1\junit-platform-commons-1.4.1.jar;C:\Users\saravanakumar.velus\.m2\repository\org\junit\jupiter\junit-jupiter-api\5.4.1\junit-jupiter-api-5.4.1.jar;C:\Users\saravanakumar.velus\.m2\repository\org\mockito\mockito-core\2.25.1\mockito-core-2.25.1.jar;C:\Users\saravanakumar.velus\.m2\repository\net\bytebuddy\byte-buddy\1.9.7\byte-buddy-1.9.7.jar;C:\Users\saravanakumar.velus\.m2\repository\net\bytebuddy\byte-buddy-agent\1.9.7\byte-buddy-agent-1.9.7.jar;C:\Users\saravanakumar.velus\.m2\repository\org\objenesis\objenesis\2.6\objenesis-2.6.jar;C:\Users\saravanakumar.velus\.m2\repository\org\mockito\mockito-junit-jupiter\2.25.1\mockito-junit-jupiter-2.25.1.jar;C:\Users\saravanakumar.velus\.m2\repository\org\assertj\assertj-core\3.12.2\assertj-core-3.12.2.jar;C:\Users\saravanakumar.velus\.m2\repository\com\codeborne\selenide\5.2.2\selenide-5.2.2.jar;C:\Users\saravanakumar.velus\.m2\repository\org\seleniumhq\selenium\selenium-java\3.141.59\selenium-java-3.141.59.jar;C:\Users\saravanakumar.velus\.m2\repository\org\seleniumhq\selenium\selenium-chrome-driver\3.141.59\selenium-chrome-driver-3.141.59.jar;C:\Users\saravanakumar.velus\.m2\repository\org\seleniumhq\selenium\selenium-edge-driver\3.141.59\selenium-edge-driver-3.141.59.jar;C:\Users\saravanakumar.velus\.m2\repository\org\seleniumhq\selenium\selenium-firefox-driver\3.141.59\selenium-firefox-driver-3.141.59.jar;C:\Users\saravanakumar.velus\.m2\repository\org\seleniumhq\selenium\selenium-ie-driver\3.141.59\selenium-ie-driver-3.141.59.jar;C:\Users\saravanakumar.velus\.m2\repository\org\seleniumhq\selenium\selenium-opera-driver\3.141.59\selenium-opera-driver-3.141.59.jar;C:\Users\saravanakumar.velus\.m2\repository\org\seleniumhq\selenium\selenium-remote-driver\3.141.59\selenium-remote-driver-3.141.59.jar;C:\Users\saravanakumar.velus\.m2\repository\org\seleniumhq\selenium\selenium-safari-driver\3.141.59\selenium-safari-driver-3.141.59.jar;C:\Users\saravanakumar.velus\.m2\repository\org\apache\commons\commons-exec\1.3\commons-exec-1.3.jar;C:\Users\saravanakumar.velus\.m2\repository\com\google\guava\guava\25.0-jre\guava-25.0-jre.jar;C:\Users\saravanakumar.velus\.m2\repository\com\google\code\findbugs\jsr305\1.3.9\jsr305-1.3.9.jar;C:\Users\saravanakumar.velus\.m2\repository\org\checkerframework\checker-compat-qual\2.0.0\checker-compat-qual-2.0.0.jar;C:\Users\saravanakumar.velus\.m2\repository\com\google\errorprone\error_prone_annotations\2.1.3\error_prone_annotations-2.1.3.jar;C:\Users\saravanakumar.velus\.m2\repository\com\google\j2objc\j2objc-annotations\1.1\j2objc-annotations-1.1.jar;C:\Users\saravanakumar.velus\.m2\repository\org\codehaus\mojo\animal-sniffer-annotations\1.14\animal-sniffer-annotations-1.14.jar;C:\Users\saravanakumar.velus\.m2\repository\com\squareup\okhttp3\okhttp\3.11.0\okhttp-3.11.0.jar;C:\Users\saravanakumar.velus\.m2\repository\com\squareup\okio\okio\1.14.0\okio-1.14.0.jar;C:\Users\saravanakumar.velus\.m2\repository\io\github\bonigarcia\webdrivermanager\3.3.0\webdrivermanager-3.3.0.jar;C:\Users\saravanakumar.velus\.m2\repository\org\slf4j\slf4j-api\1.7.25\slf4j-api-1.7.25.jar;C:\Users\saravanakumar.velus\.m2\repository\commons-io\commons-io\2.6\commons-io-2.6.jar;C:\Users\saravanakumar.velus\.m2\repository\com\google\code\gson\gson\2.8.5\gson-2.8.5.jar;C:\Users\saravanakumar.velus\.m2\repository\org\apache\commons\commons-lang3\3.8.1\commons-lang3-3.8.1.jar;C:\Users\saravanakumar.velus\.m2\repository\org\apache\httpcomponents\httpclient\4.5.6\httpclient-4.5.6.jar;C:\Users\saravanakumar.velus\.m2\repository\org\apache\httpcomponents\httpcore\4.4.10\httpcore-4.4.10.jar;C:\Users\saravanakumar.velus\.m2\repository\org\rauschig\jarchivelib\1.0.0\jarchivelib-1.0.0.jar;C:\Users\saravanakumar.velus\.m2\repository\org\apache\commons\commons-compress\1.18\commons-compress-1.18.jar;C:\Users\saravanakumar.velus\.m2\repository\org\jsoup\jsoup\1.11.3\jsoup-1.11.3.jar;C:\Users\saravanakumar.velus\.m2\repository\net\lightbody\bmp\browsermob-core\2.1.5\browsermob-core-2.1.5.jar;C:\Users\saravanakumar.velus\.m2\repository\net\lightbody\bmp\littleproxy\1.1.0-beta-bmp-17\littleproxy-1.1.0-beta-bmp-17.jar;C:\Users\saravanakumar.velus\.m2\repository\com\fasterxml\jackson\core\jackson-core\2.8.9\jackson-core-2.8.9.jar;C:\Users\saravanakumar.velus\.m2\repository\com\fasterxml\jackson\core\jackson-databind\2.8.9\jackson-databind-2.8.9.jar;C:\Users\saravanakumar.velus\.m2\repository\com\fasterxml\jackson\core\jackson-annotations\2.8.9\jackson-annotations-2.8.9.jar;C:\Users\saravanakumar.velus\.m2\repository\dnsjava\dnsjava\2.1.8\dnsjava-2.1.8.jar;C:\Users\saravanakumar.velus\.m2\repository\org\slf4j\jcl-over-slf4j\1.7.25\jcl-over-slf4j-1.7.25.jar;C:\Users\saravanakumar.velus\.m2\repository\com\jcraft\jzlib\1.1.3\jzlib-1.1.3.jar;C:\Users\saravanakumar.velus\.m2\repository\io\netty\netty-all\4.0.51.Final\netty-all-4.0.51.Final.jar;C:\Users\saravanakumar.velus\.m2\repository\net\lightbody\bmp\mitm\2.1.5\mitm-2.1.5.jar;C:\Users\saravanakumar.velus\.m2\repository\org\seleniumhq\selenium\htmlunit-driver\2.34.0\htmlunit-driver-2.34.0.jar;C:\Users\saravanakumar.velus\.m2\repository\org\seleniumhq\selenium\selenium-api\3.141.59\selenium-api-3.141.59.jar;C:\Users\saravanakumar.velus\.m2\repository\org\seleniumhq\selenium\selenium-support\3.141.59\selenium-support-3.141.59.jar;C:\Users\saravanakumar.velus\.m2\repository\net\sourceforge\htmlunit\htmlunit\2.34.1\htmlunit-2.34.1.jar;C:\Users\saravanakumar.velus\.m2\repository\xalan\xalan\2.7.2\xalan-2.7.2.jar;C:\Users\saravanakumar.velus\.m2\repository\xalan\serializer\2.7.2\serializer-2.7.2.jar;C:\Users\saravanakumar.velus\.m2\repository\org\apache\commons\commons-text\1.6\commons-text-1.6.jar;C:\Users\saravanakumar.velus\.m2\repository\org\apache\httpcomponents\httpmime\4.5.7\httpmime-4.5.7.jar;C:\Users\saravanakumar.velus\.m2\repository\net\sourceforge\htmlunit\htmlunit-core-js\2.34.0\htmlunit-core-js-2.34.0.jar;C:\Users\saravanakumar.velus\.m2\repository\net\sourceforge\htmlunit\neko-htmlunit\2.34.0\neko-htmlunit-2.34.0.jar;C:\Users\saravanakumar.velus\.m2\repository\xerces\xercesImpl\2.12.0\xercesImpl-2.12.0.jar;C:\Users\saravanakumar.velus\.m2\repository\xml-apis\xml-apis\1.4.01\xml-apis-1.4.01.jar;C:\Users\saravanakumar.velus\.m2\repository\net\sourceforge\htmlunit\htmlunit-cssparser\1.3.0\htmlunit-cssparser-1.3.0.jar;C:\Users\saravanakumar.velus\.m2\repository\commons-net\commons-net\3.6\commons-net-3.6.jar;C:\Users\saravanakumar.velus\.m2\repository\org\eclipse\jetty\websocket\websocket-client\9.4.15.v20190215\websocket-client-9.4.15.v20190215.jar;C:\Users\saravanakumar.velus\.m2\repository\org\eclipse\jetty\jetty-client\9.4.15.v20190215\jetty-client-9.4.15.v20190215.jar;C:\Users\saravanakumar.velus\.m2\repository\org\eclipse\jetty\jetty-http\9.4.15.v20190215\jetty-http-9.4.15.v20190215.jar;C:\Users\saravanakumar.velus\.m2\repository\org\eclipse\jetty\jetty-xml\9.4.15.v20190215\jetty-xml-9.4.15.v20190215.jar;C:\Users\saravanakumar.velus\.m2\repository\org\eclipse\jetty\jetty-util\9.4.15.v20190215\jetty-util-9.4.15.v20190215.jar;C:\Users\saravanakumar.velus\.m2\repository\org\eclipse\jetty\jetty-io\9.4.15.v20190215\jetty-io-9.4.15.v20190215.jar;C:\Users\saravanakumar.velus\.m2\repository\org\eclipse\jetty\websocket\websocket-common\9.4.15.v20190215\websocket-common-9.4.15.v20190215.jar;C:\Users\saravanakumar.velus\.m2\repository\org\eclipse\jetty\websocket\websocket-api\9.4.15.v20190215\websocket-api-9.4.15.v20190215.jar;C:\Users\saravanakumar.velus\.m2\repository\org\springframework\spring-test\5.1.6.RELEASE\spring-test-5.1.6.RELEASE.jar;C:\Users\saravanakumar.velus\.m2\repository\info\cukes\cucumber-java8\1.2.4\cucumber-java8-1.2.4.jar;C:\Users\saravanakumar.velus\.m2\repository\info\cukes\cucumber-java\1.2.4\cucumber-java-1.2.4.jar;C:\Users\saravanakumar.velus\.m2\repository\info\cukes\cucumber-junit\1.2.4\cucumber-junit-1.2.4.jar;C:\Users\saravanakumar.velus\.m2\repository\info\cukes\cucumber-core\1.2.4\cucumber-core-1.2.4.jar;C:\Users\saravanakumar.velus\.m2\repository\info\cukes\cucumber-html\0.2.3\cucumber-html-0.2.3.jar;C:\Users\saravanakumar.velus\.m2\repository\info\cukes\cucumber-jvm-deps\1.0.5\cucumber-jvm-deps-1.0.5.jar;C:\Users\saravanakumar.velus\.m2\repository\info\cukes\gherkin\2.12.2\gherkin-2.12.2.jar;C:\Users\saravanakumar.velus\.m2\repository\junit\junit\4.11\junit-4.11.jar;C:\Users\saravanakumar.velus\.m2\repository\org\hamcrest\hamcrest-core\1.3\hamcrest-core-1.3.jar;C:\Users\saravanakumar.velus\.m2\repository\org\seleniumhq\selenium\selenium-server\2.48.2\selenium-server-2.48.2.jar;C:\Users\saravanakumar.velus\.m2\repository\com\beust\jcommander\1.48\jcommander-1.48.jar;C:\Users\saravanakumar.velus\.m2\repository\org\bouncycastle\bcprov-jdk15on\1.48\bcprov-jdk15on-1.48.jar;C:\Users\saravanakumar.velus\.m2\repository\org\bouncycastle\bcpkix-jdk15on\1.48\bcpkix-jdk15on-1.48.jar;C:\Users\saravanakumar.velus\.m2\repository\mx4j\mx4j-tools\3.0.1\mx4j-tools-3.0.1.jar;C:\Users\saravanakumar.velus\.m2\repository\org\mortbay\jetty\servlet-api-2.5\6.1.9\servlet-api-2.5-6.1.9.jar;C:\Users\saravanakumar.velus\.m2\repository\org\seleniumhq\selenium\jetty-repacked\9.2.13.v20150730\jetty-repacked-9.2.13.v20150730.jar;C:\Users\saravanakumar.velus\.m2\repository\org\seleniumhq\selenium\jetty-rc-repacked\5\jetty-rc-repacked-5.jar;C:\Users\saravanakumar.velus\.m2\repository\net\jcip\jcip-annotations\1.0\jcip-annotations-1.0.jar;C:\Users\saravanakumar.velus\.m2\repository\org\yaml\snakeyaml\1.8\snakeyaml-1.8.jar;C:\Users\saravanakumar.velus\.m2\repository\commons-codec\commons-codec\1.10\commons-codec-1.10.jar;"/>
    <property name="sun.cpu.endian" value="little"/>
    <property name="user.home" value="C:\Users\saravanakumar.velus"/>
    <property name="user.language" value="en"/>
    <property name="java.specification.vendor" value="Oracle Corporation"/>
    <property name="java.home" value="C:\Program Files\Java\jdk1.8.0_211\jre"/>
    <property name="basedir" value="D:\saravana\tmp\jpetstore-6-master"/>
    <property name="file.separator" value="\"/>
    <property name="line.separator" value="&#10;"/>
    <property name="java.vm.specification.vendor" value="Oracle Corporation"/>
    <property name="java.specification.name" value="Java Platform API Specification"/>
    <property name="jdk.attach.allowAttachSelf" value=""/>
    <property name="java.awt.graphicsenv" value="sun.awt.Win32GraphicsEnvironment"/>
    <property name="surefire.real.class.path" value="C:\Users\saravanakumar.velus\AppData\Local\Temp\surefire7381699217101821530\surefirebooter8276886000126992612.jar"/>
    <property name="sun.boot.class.path" value="C:\Program Files\Java\jdk1.8.0_211\jre\lib\resources.jar;C:\Program Files\Java\jdk1.8.0_211\jre\lib\rt.jar;C:\Program Files\Java\jdk1.8.0_211\jre\lib\sunrsasign.jar;C:\Program Files\Java\jdk1.8.0_211\jre\lib\jsse.jar;C:\Program Files\Java\jdk1.8.0_211\jre\lib\jce.jar;C:\Program Files\Java\jdk1.8.0_211\jre\lib\charsets.jar;C:\Program Files\Java\jdk1.8.0_211\jre\lib\jfr.jar;C:\Program Files\Java\jdk1.8.0_211\jre\classes"/>
    <property name="user.script" value=""/>
    <property name="sun.management.compiler" value="HotSpot 64-Bit Tiered Compilers"/>
    <property name="java.runtime.version" value="1.8.0_211-b12"/>
    <property name="user.name" value="saravanakumar.velus"/>
    <property name="path.separator" value=";"/>
    <property name="os.version" value="10.0"/>
    <property name="java.endorsed.dirs" value="C:\Program Files\Java\jdk1.8.0_211\jre\lib\endorsed"/>
    <property name="java.runtime.name" value="Java(TM) SE Runtime Environment"/>
    <property name="file.encoding" value="Cp1252"/>
    <property name="java.vm.name" value="Java HotSpot(TM) 64-Bit Server VM"/>
    <property name="localRepository" value="C:\Users\saravanakumar.velus\.m2\repository"/>
    <property name="java.vendor.url.bug" value="http://bugreport.sun.com/bugreport/"/>
    <property name="java.io.tmpdir" value="C:\Users\SARAVA~1.VEL\AppData\Local\Temp\"/>
    <property name="java.version" value="1.8.0_211"/>
    <property name="user.dir" value="D:\saravana\tmp\jpetstore-6-master"/>
    <property name="os.arch" value="amd64"/>
    <property name="java.vm.specification.name" value="Java Virtual Machine Specification"/>
    <property name="java.awt.printerjob" value="sun.awt.windows.WPrinterJob"/>
    <property name="sun.os.patch.level" value=""/>
    <property name="java.library.path" value="C:\Program Files\Java\jdk1.8.0_211\jre\bin;C:\windows\Sun\Java\bin;C:\windows\system32;C:\windows;C:/Program Files/Java/jre1.8.0_211/bin/server;C:/Program Files/Java/jre1.8.0_211/bin;C:/Program Files/Java/jre1.8.0_211/lib/amd64;C:\Program Files (x86)\Common Files\Oracle\Java\javapath;C:\Program Files (x86)\RSA SecurID Token Common;C:\windows\system32;C:\windows;C:\windows\System32\Wbem;C:\windows\System32\WindowsPowerShell\v1.0\;C:\windows\System32\OpenSSH\;C:\Program Files (x86)\PuTTY\;C:\Program Files (x86)\Google\Cloud SDK\google-cloud-sdk\bin;D:\saravana\sw\helm;D:\saravana\sw\apache-maven-3.6.1\bin;C:\Program Files\TortoiseGit\bin;C:\Program Files\Git\cmd;C:\Program Files\nodejs\;C:\Program Files\Intel\WiFi\bin\;C:\Program Files\Common Files\Intel\WirelessCommon\;D:\saravana\sw;C:\Users\saravanakumar.velus\AppData\Local\Programs\Python\Python37-32\Scripts\;C:\Users\saravanakumar.velus\AppData\Local\Programs\Python\Python37-32\;C:\Users\saravanakumar.velus\AppData\Local\Microsoft\WindowsApps;D:\saravana\sw\curl-7.64.1-win64-mingw\bin;C:\Users\saravanakumar.velus\AppData\Roaming\npm;C:\Users\saravanakumar.velus\AppData\Local\Programs\Microsoft VS Code\bin;D:\saravana\sw;;D:\saravana\eclipse;;."/>
    <property name="java.vm.info" value="mixed mode"/>
    <property name="java.vendor" value="Oracle Corporation"/>
    <property name="java.vm.version" value="25.211-b12"/>
    <property name="java.ext.dirs" value="C:\Program Files\Java\jdk1.8.0_211\jre\lib\ext;C:\windows\Sun\Java\lib\ext"/>
    <property name="sun.io.unicode.encoding" value="UnicodeLittle"/>
    <property name="java.class.version" value="52.0"/>
  </properties>
  <testcase name="testOrder" classname="org.mybatis.jpetstore.ScreenTransitionIT" time="3.189">
    <failure message="&#10;Expecting:&#10; &lt;&quot;&quot;&gt;&#10;to be equal to:&#10; &lt;&quot;JPetStore Demo&quot;&gt;&#10;but was not." type="org.opentest4j.AssertionFailedError"><![CDATA[org.opentest4j.AssertionFailedError: 

Expecting:
 <"">
to be equal to:
 <"JPetStore Demo">
but was not.
	at org.mybatis.jpetstore.ScreenTransitionIT.testOrder(ScreenTransitionIT.java:71)
]]></failure>
    <system-err><![CDATA[Jul 09, 2019 12:16:40 PM com.codeborne.selenide.drivercommands.LazyDriver getAndCheckWebDriver
INFO: No webdriver is bound to current thread: 1 - let's create a new webdriver
SLF4J: Failed to load class "org.slf4j.impl.StaticLoggerBinder".
SLF4J: Defaulting to no-operation (NOP) logger implementation
SLF4J: See http://www.slf4j.org/codes.html#StaticLoggerBinder for further details.
Jul 09, 2019 12:16:41 PM com.codeborne.selenide.webdriver.BrowserResizer adjustBrowserSize
INFO: Set browser size to 1366x768
Jul 09, 2019 12:16:41 PM com.codeborne.selenide.webdriver.WebDriverFactory logBrowserVersion
INFO: BrowserName=htmlunit Version=2.34.1 Platform=WIN10
Jul 09, 2019 12:16:41 PM com.codeborne.selenide.webdriver.WebDriverFactory createWebDriver
INFO: Selenide v. 5.2.2
Jul 09, 2019 12:16:41 PM com.codeborne.selenide.webdriver.WebDriverFactory logSeleniumInfo
INFO: Selenium WebDriver v. 3.141.59 build time: 2018-11-14T08:17:03
Jul 09, 2019 12:16:41 PM com.codeborne.selenide.drivercommands.CreateDriverCommand createDriver
INFO: Create webdriver in current thread 1: HtmlUnitDriver -> org.openqa.selenium.htmlunit.HtmlUnitDriver@4c398c80
]]></system-err>
  </testcase>
  <testcase name="testRegistrationUser" classname="org.mybatis.jpetstore.ScreenTransitionIT" time="2.013">
    <failure message="&#10;Expecting:&#10; &lt;&quot;&quot;&gt;&#10;to be equal to:&#10; &lt;&quot;JPetStore Demo&quot;&gt;&#10;but was not." type="org.opentest4j.AssertionFailedError"><![CDATA[org.opentest4j.AssertionFailedError: 

Expecting:
 <"">
to be equal to:
 <"JPetStore Demo">
but was not.
	at org.mybatis.jpetstore.ScreenTransitionIT.testRegistrationUser(ScreenTransitionIT.java:186)
]]></failure>
  </testcase>
  <testcase name="testLogoContent" classname="org.mybatis.jpetstore.ScreenTransitionIT" time="2.026">
    <failure message="&#10;Expecting:&#10; &lt;&quot;&quot;&gt;&#10;to be equal to:&#10; &lt;&quot;JPetStore Demo&quot;&gt;&#10;but was not." type="org.opentest4j.AssertionFailedError"><![CDATA[org.opentest4j.AssertionFailedError: 

Expecting:
 <"">
to be equal to:
 <"JPetStore Demo">
but was not.
	at org.mybatis.jpetstore.ScreenTransitionIT.testLogoContent(ScreenTransitionIT.java:413)
]]></failure>
  </testcase>
  <testcase name="testSelectItems" classname="org.mybatis.jpetstore.ScreenTransitionIT" time="2.018">
    <failure message="&#10;Expecting:&#10; &lt;&quot;&quot;&gt;&#10;to be equal to:&#10; &lt;&quot;JPetStore Demo&quot;&gt;&#10;but was not." type="org.opentest4j.AssertionFailedError"><![CDATA[org.opentest4j.AssertionFailedError: 

Expecting:
 <"">
to be equal to:
 <"JPetStore Demo">
but was not.
	at org.mybatis.jpetstore.ScreenTransitionIT.testSelectItems(ScreenTransitionIT.java:235)
]]></failure>
  </testcase>
  <testcase name="testUpdateProfile" classname="org.mybatis.jpetstore.ScreenTransitionIT" time="2.029">
    <failure message="&#10;Expecting:&#10; &lt;&quot;&quot;&gt;&#10;to be equal to:&#10; &lt;&quot;JPetStore Demo&quot;&gt;&#10;but was not." type="org.opentest4j.AssertionFailedError"><![CDATA[org.opentest4j.AssertionFailedError: 

Expecting:
 <"">
to be equal to:
 <"JPetStore Demo">
but was not.
	at org.mybatis.jpetstore.ScreenTransitionIT.testUpdateProfile(ScreenTransitionIT.java:156)
]]></failure>
  </testcase>
  <testcase name="testMainImageContentOnTopPage" classname="org.mybatis.jpetstore.ScreenTransitionIT" time="2.023">
    <failure message="&#10;Expecting:&#10; &lt;&quot;&quot;&gt;&#10;to be equal to:&#10; &lt;&quot;JPetStore Demo&quot;&gt;&#10;but was not." type="org.opentest4j.AssertionFailedError"><![CDATA[org.opentest4j.AssertionFailedError: 

Expecting:
 <"">
to be equal to:
 <"JPetStore Demo">
but was not.
	at org.mybatis.jpetstore.ScreenTransitionIT.testMainImageContentOnTopPage(ScreenTransitionIT.java:372)
]]></failure>
  </testcase>
  <testcase name="testQuickLinks" classname="org.mybatis.jpetstore.ScreenTransitionIT" time="2.026">
    <failure message="&#10;Expecting:&#10; &lt;&quot;&quot;&gt;&#10;to be equal to:&#10; &lt;&quot;JPetStore Demo&quot;&gt;&#10;but was not." type="org.opentest4j.AssertionFailedError"><![CDATA[org.opentest4j.AssertionFailedError: 

Expecting:
 <"">
to be equal to:
 <"JPetStore Demo">
but was not.
	at org.mybatis.jpetstore.ScreenTransitionIT.testQuickLinks(ScreenTransitionIT.java:341)
]]></failure>
  </testcase>
  <testcase name="testSidebarContentOnTopPage" classname="org.mybatis.jpetstore.ScreenTransitionIT" time="2.028">
    <failure message="&#10;Expecting:&#10; &lt;&quot;&quot;&gt;&#10;to be equal to:&#10; &lt;&quot;JPetStore Demo&quot;&gt;&#10;but was not." type="org.opentest4j.AssertionFailedError"><![CDATA[org.opentest4j.AssertionFailedError: 

Expecting:
 <"">
to be equal to:
 <"JPetStore Demo">
but was not.
	at org.mybatis.jpetstore.ScreenTransitionIT.testSidebarContentOnTopPage(ScreenTransitionIT.java:305)
]]></failure>
  </testcase>
  <testcase name="testViewCart" classname="org.mybatis.jpetstore.ScreenTransitionIT" time="2.026">
    <failure message="&#10;Expecting:&#10; &lt;&quot;&quot;&gt;&#10;to be equal to:&#10; &lt;&quot;JPetStore Demo&quot;&gt;&#10;but was not." type="org.opentest4j.AssertionFailedError"><![CDATA[org.opentest4j.AssertionFailedError: 

Expecting:
 <"">
to be equal to:
 <"JPetStore Demo">
but was not.
	at org.mybatis.jpetstore.ScreenTransitionIT.testViewCart(ScreenTransitionIT.java:272)
]]></failure>
  </testcase>
  <testcase name="testViewHelp" classname="org.mybatis.jpetstore.ScreenTransitionIT" time="2.027">
    <failure message="&#10;Expecting:&#10; &lt;&quot;&quot;&gt;&#10;to be equal to:&#10; &lt;&quot;JPetStore Demo&quot;&gt;&#10;but was not." type="org.opentest4j.AssertionFailedError"><![CDATA[org.opentest4j.AssertionFailedError: 

Expecting:
 <"">
to be equal to:
 <"JPetStore Demo">
but was not.
	at org.mybatis.jpetstore.ScreenTransitionIT.testViewHelp(ScreenTransitionIT.java:289)
]]></failure>
  </testcase>
</testsuite>